2023-08-06 02:46:57.578665 - Initialized conversion of CBT298
2023-08-06 02:46:58.029781 - Received CBT.V505.FILE298.PDS from FILE298.XMI 
2023-08-06 02:46:58.032254 - Found $$$#DATE.txt (text/plain) in CBT.V505.FILE298.PDS, moved to PDS/$$$#DATE
2023-08-06 02:46:58.033323 - Found $$$DOC.txt (text/plain) in CBT.V505.FILE298.PDS, moved to PDS/$$$DOC
2023-08-06 02:46:58.034259 - Found $INSTALL.txt (text/plain) in CBT.V505.FILE298.PDS, moved to PDS/$INSTALL
2023-08-06 02:46:58.035238 - Found $01DEL.jcl (text/plain) in CBT.V505.FILE298.PDS, moved to PDS/$01DEL
2023-08-06 02:46:58.036227 - Found $02ALLOC.jcl (text/plain) in CBT.V505.FILE298.PDS, moved to PDS/$02ALLOC
2023-08-06 02:46:58.037197 - Found $03ASM.jcl (text/plain) in CBT.V505.FILE298.PDS, moved to PDS/$03ASM
2023-08-06 02:46:58.038163 - Found $04LINK.txt (text/plain) in CBT.V505.FILE298.PDS, moved to PDS/$04LINK
2023-08-06 02:46:58.039131 - Found $05REC.jcl (text/plain) in CBT.V505.FILE298.PDS, moved to PDS/$05REC
2023-08-06 02:46:58.040067 - Found $06APPX.jcl (text/plain) in CBT.V505.FILE298.PDS, moved to PDS/$06APPX
2023-08-06 02:46:58.040964 - Found $07APP.jcl (text/plain) in CBT.V505.FILE298.PDS, moved to PDS/$07APP
2023-08-06 02:46:58.041911 - Found $08ACCX.jcl (text/plain) in CBT.V505.FILE298.PDS, moved to PDS/$08ACCX
2023-08-06 02:46:58.042900 - Found $09ACC.jcl (text/plain) in CBT.V505.FILE298.PDS, moved to PDS/$09ACC
2023-08-06 02:46:58.043779 - Found $10USRMD.jcl (text/plain) in CBT.V505.FILE298.PDS, moved to PDS/$10USRMD
2023-08-06 02:46:58.044645 - Found #01ADEL.jcl (text/plain) in CBT.V505.FILE298.PDS, moved to PDS/#01ADEL
2023-08-06 02:46:58.045507 - Found #02AALLO.txt (text/plain) in CBT.V505.FILE298.PDS, moved to PDS/#02AALLO
2023-08-06 02:46:58.046395 - Found #03AASM.txt (text/plain) in CBT.V505.FILE298.PDS, moved to PDS/#03AASM
2023-08-06 02:46:58.047323 - Found #04ALINK.txt (text/plain) in CBT.V505.FILE298.PDS, moved to PDS/#04ALINK
2023-08-06 02:46:58.048235 - Found #05ACOPY.jcl (text/plain) in CBT.V505.FILE298.PDS, moved to PDS/#05ACOPY
2023-08-06 02:46:58.049138 - Found @FILE298.txt (text/plain) in CBT.V505.FILE298.PDS, moved to PDS/@FILE298
2023-08-06 02:46:58.050117 - Found @11PANLB.jcl (text/plain) in CBT.V505.FILE298.PDS, moved to PDS/@11PANLB
2023-08-06 02:46:58.051130 - Found @12BVRFY.jcl (text/plain) in CBT.V505.FILE298.PDS, moved to PDS/@12BVRFY
2023-08-06 02:46:58.052040 - Found @13BCLEN.jcl (text/plain) in CBT.V505.FILE298.PDS, moved to PDS/@13BCLEN
2023-08-06 02:46:58.052891 - Found @14TVRFY.txt (text/plain) in CBT.V505.FILE298.PDS, moved to PDS/@14TVRFY
2023-08-06 02:46:58.053862 - Found GGU0200.jcl (text/plain) in CBT.V505.FILE298.PDS, moved to PDS/GGU0200
2023-08-06 02:46:58.054854 - Found GTEDAALC.txt (text/plain) in CBT.V505.FILE298.PDS, moved to PDS/GTEDAALC
2023-08-06 02:46:58.055828 - Found GTEDADAT.txt (text/plain) in CBT.V505.FILE298.PDS, moved to PDS/GTEDADAT
2023-08-06 02:46:58.056799 - Found GTEDADOC.txt (text/plain) in CBT.V505.FILE298.PDS, moved to PDS/GTEDADOC
2023-08-06 02:46:58.057683 - Found GTEDASET.txt (text/plain) in CBT.V505.FILE298.PDS, moved to PDS/GTEDASET
2023-08-06 02:46:58.058635 - Found GTEUAA0.txt (text/plain) in CBT.V505.FILE298.PDS, moved to PDS/GTEUAA0
2023-08-06 02:46:58.059548 - Found GTEUAB0.txt (text/plain) in CBT.V505.FILE298.PDS, moved to PDS/GTEUAB0
2023-08-06 02:46:58.060463 - Found GTEUAD0.txt (text/plain) in CBT.V505.FILE298.PDS, moved to PDS/GTEUAD0
2023-08-06 02:46:58.061380 - Found GTEUA00.txt (text/plain) in CBT.V505.FILE298.PDS, moved to PDS/GTEUA00
2023-08-06 02:46:58.062355 - Found GTEUA01.txt (text/plain) in CBT.V505.FILE298.PDS, moved to PDS/GTEUA01
2023-08-06 02:46:58.063218 - Found GTEUA02.txt (text/plain) in CBT.V505.FILE298.PDS, moved to PDS/GTEUA02
2023-08-06 02:46:58.064073 - Found GTEUA03.txt (text/plain) in CBT.V505.FILE298.PDS, moved to PDS/GTEUA03
2023-08-06 02:46:58.064894 - Found GTEUA04.txt (text/plain) in CBT.V505.FILE298.PDS, moved to PDS/GTEUA04
2023-08-06 02:46:58.065828 - Found GTEUA05.txt (text/plain) in CBT.V505.FILE298.PDS, moved to PDS/GTEUA05
2023-08-06 02:46:58.066820 - Found GTEUA1T.txt (text/plain) in CBT.V505.FILE298.PDS, moved to PDS/GTEUA1T
2023-08-06 02:46:58.067887 - Found GTEUA10.txt (text/plain) in CBT.V505.FILE298.PDS, moved to PDS/GTEUA10
2023-08-06 02:46:58.068800 - Found GTEUA3T.txt (text/plain) in CBT.V505.FILE298.PDS, moved to PDS/GTEUA3T
2023-08-06 02:46:58.069717 - Found GTEUA30.txt (text/plain) in CBT.V505.FILE298.PDS, moved to PDS/GTEUA30
2023-08-06 02:46:58.070625 - Found GTEUA4T.txt (text/plain) in CBT.V505.FILE298.PDS, moved to PDS/GTEUA4T
2023-08-06 02:46:58.071606 - Found GTEUA40.txt (text/plain) in CBT.V505.FILE298.PDS, moved to PDS/GTEUA40
2023-08-06 02:46:58.072471 - Found GTEUA5T.txt (text/plain) in CBT.V505.FILE298.PDS, moved to PDS/GTEUA5T
2023-08-06 02:46:58.073373 - Found GTEUA50.txt (text/plain) in CBT.V505.FILE298.PDS, moved to PDS/GTEUA50
2023-08-06 02:46:58.074318 - Found GTEUA6T.txt (text/plain) in CBT.V505.FILE298.PDS, moved to PDS/GTEUA6T
2023-08-06 02:46:58.075213 - Found GTEUA60.txt (text/plain) in CBT.V505.FILE298.PDS, moved to PDS/GTEUA60
2023-08-06 02:46:58.076083 - Found GTEUA7T.txt (text/plain) in CBT.V505.FILE298.PDS, moved to PDS/GTEUA7T
2023-08-06 02:46:58.077002 - Found GTEUA70.txt (text/plain) in CBT.V505.FILE298.PDS, moved to PDS/GTEUA70
2023-08-06 02:46:58.077910 - Found GTEUA8T.txt (text/plain) in CBT.V505.FILE298.PDS, moved to PDS/GTEUA8T
2023-08-06 02:46:58.078804 - Found GTEUA80.txt (text/plain) in CBT.V505.FILE298.PDS, moved to PDS/GTEUA80
2023-08-06 02:46:58.079647 - Found GTEUJ00.txt (text/plain) in CBT.V505.FILE298.PDS, moved to PDS/GTEUJ00
2023-08-06 02:46:58.080505 - Found GTEUJ01.txt (text/plain) in CBT.V505.FILE298.PDS, moved to PDS/GTEUJ01
2023-08-06 02:46:58.081374 - Found GTEUJ02.txt (text/plain) in CBT.V505.FILE298.PDS, moved to PDS/GTEUJ02
2023-08-06 02:46:58.082324 - Found GTEUJ03.txt (text/plain) in CBT.V505.FILE298.PDS, moved to PDS/GTEUJ03
2023-08-06 02:46:58.083351 - Found GTEUJ04.txt (text/plain) in CBT.V505.FILE298.PDS, moved to PDS/GTEUJ04
2023-08-06 02:46:58.084376 - Found GTEUJ05.txt (text/plain) in CBT.V505.FILE298.PDS, moved to PDS/GTEUJ05
2023-08-06 02:46:58.085247 - Found GTEUM01.txt (text/plain) in CBT.V505.FILE298.PDS, moved to PDS/GTEUM01
2023-08-06 02:46:58.086210 - Found GTEUM02.txt (text/plain) in CBT.V505.FILE298.PDS, moved to PDS/GTEUM02
2023-08-06 02:46:58.087177 - Found GTEUM03.txt (text/plain) in CBT.V505.FILE298.PDS, moved to PDS/GTEUM03
2023-08-06 02:46:58.088105 - Found GTEUM04.txt (text/plain) in CBT.V505.FILE298.PDS, moved to PDS/GTEUM04
2023-08-06 02:46:58.089181 - Found GTEUPUP.txt (text/plain) in CBT.V505.FILE298.PDS, moved to PDS/GTEUPUP
2023-08-06 02:46:58.090093 - Found GTEUPUPH.txt (text/plain) in CBT.V505.FILE298.PDS, moved to PDS/GTEUPUPH
